<?xml version="1.0" encoding="UTF-8"?>
<!-- Generated by org.testng.reporters.JUnitXMLReporter -->
<testsuite hostname="LAPTOP-RBCFUCTK" name="My Srore Automation" tests="5" failures="0" timestamp="19 Apr 2020 16:04:11 GMT" time="24.626" errors="0">
  <testcase name="feature" time="0.006" classname="cucumberOptions.TestRunner"/>
  <testcase name="feature" time="24.326" classname="cucumberOptions.TestRunner"/>
  <testcase name="feature" time="0.001" classname="cucumberOptions.TestRunner"/>
  <testcase name="feature" time="0.0" classname="cucumberOptions.TestRunner"/>
  <testcase name="feature" time="0.001" classname="cucumberOptions.TestRunner"/>
</testsuite> <!-- My Srore Automation -->
