<?xml version="1.0" encoding="UTF-8"?>
<!-- Generated by org.testng.reporters.JUnitXMLReporter -->
<testsuite hostname="LAPTOP-RBCFUCTK" name="Search" tests="3" failures="1" timestamp="19 Apr 2020 12:10:14 GMT" time="20.202" errors="0">
  <testcase name="user_account_is_created_and_user_home_page_is_displayed" time="0.014" classname="stepDefinitions.StepDefCreateAccount">
    <failure type="java.lang.NullPointerException">
      <![CDATA[java.lang.NullPointerException
	at pageObjects.CreateAccountPage.createAcConfMessage(CreateAccountPage.java:79)
	at stepDefinitions.StepDefCreateAccount.user_account_is_created_and_user_home_page_is_displayed(StepDefCreateAccount.java:39)
... Removed 24 stack frames]]>
    </failure>
  </testcase> <!-- user_account_is_created_and_user_home_page_is_displayed -->
  <testcase name="user_enters_all_the_details_and_completes_registration_for_a_new_account" time="20.163" classname="stepDefinitions.StepDefCreateAccount"/>
  <testcase name="user_is_in_signIn_page" time="0.002" classname="stepDefinitions.StepDefCreateAccount"/>
</testsuite> <!-- Search -->
