<?xml version="1.0" encoding="UTF-8"?>
<!-- Generated by org.testng.reporters.JUnitXMLReporter -->
<testsuite hostname="LAPTOP-RBCFUCTK" name="testngTest" tests="4" failures="1" timestamp="13 Apr 2020 20:31:06 GMT" time="19.304" errors="0">
  <testcase name="user_account_details_are_diaplyed" time="0.001" classname="stepDefinitions.StepDefSignInToAc"/>
  <testcase name="user_home_page_is_displayed" time="0.001" classname="stepDefinitions.StepDefSignInToAc">
    <failure type="java.lang.NullPointerException">
      <![CDATA[java.lang.NullPointerException
	at pageObjects.UserAccountPage.getUserAc(UserAccountPage.java:22)
	at stepDefinitions.StepDefSignInToAc.user_home_page_is_displayed(StepDefSignInToAc.java:40)
... Removed 24 stack frames]]>
    </failure>
  </testcase> <!-- user_home_page_is_displayed -->
  <testcase name="user_is_in_landing_page" time="19.293" classname="stepDefinitions.StepDefSignInToAc"/>
  <testcase name="user_logs_in_to_application_with_and" time="0.001" classname="stepDefinitions.StepDefSignInToAc">
    <skipped/>
  </testcase> <!-- user_logs_in_to_application_with_and -->
</testsuite> <!-- testngTest -->
