<?xml version="1.0" encoding="UTF-8"?>
<!-- Generated by org.testng.reporters.JUnitXMLReporter -->
<testsuite hostname="LAPTOP-RBCFUCTK" name="Validating User login" tests="3" failures="0" timestamp="13 Apr 2020 20:30:47 GMT" time="71.014" errors="0">
  <testcase name="feature" time="23.332" classname="cucumberOptions.TestRunner"/>
  <testcase name="feature" time="21.092" classname="cucumberOptions.TestRunner"/>
  <testcase name="feature" time="26.296" classname="cucumberOptions.TestRunner"/>
</testsuite> <!-- Validating User login -->
