<?xml version="1.0" encoding="UTF-8"?>
<testsuite xmlns:xsi="http://www.w3.org/2001/XMLSchema-instance" xsi:noNamespaceSchemaLocation="https://maven.apache.org/surefire/maven-surefire-plugin/xsd/surefire-test-report.xsd" name="TestSuite" time="144.598" tests="5" errors="0" skipped="0" failures="2">
  <properties>
[...]
</properties>
  <testcase name="feature" classname="cucumberOptions.TestRunner" time="20.552"/>
  <testcase name="feature" classname="cucumberOptions.TestRunner" time="11.345">
    <failure message="junit.framework.AssertionFailedError" type="cucumber.runtime.CucumberException">cucumber.runtime.CucumberException: junit.framework.AssertionFailedError
Caused by: junit.framework.AssertionFailedError
</failure>
    <system-out><![CDATA[dresses
C:\Users\Pavan\git\MyStoreAutomation\MyStoreAutomation
C:\Users\Pavan\git\MyStoreAutomation\MyStoreAutomation\src\test\resources\drivers\chromedriver.exe
7 results have been found.
]]></system-out>
    <system-err><![CDATA[Starting ChromeDriver 80.0.3987.106 (f68069574609230cf9b635cd784cfb1bf81bb53a-refs/branch-heads/3987@{#882}) on port 7284
Only local connections are allowed.
Please protect ports used by ChromeDriver and related test frameworks to prevent access by malicious code.
[1587220220.104][WARNING]: Timed out connecting to Chrome, retrying...
Apr 18, 2020 3:30:22 PM org.openqa.selenium.remote.ProtocolHandshake createSession
INFO: Detected dialect: W3C
[1587220222.791][SEVERE]: Timed out receiving message from renderer: 0.100
[1587220222.892][SEVERE]: Timed out receiving message from renderer: 0.100
[1587220222.993][SEVERE]: Timed out receiving message from renderer: 0.100
[1587220223.094][SEVERE]: Timed out receiving message from renderer: 0.100
[1587220223.195][SEVERE]: Timed out receiving message from renderer: 0.100
[1587220223.296][SEVERE]: Timed out receiving message from renderer: 0.100
[1587220223.398][SEVERE]: Timed out receiving message from renderer: 0.100
[1587220223.499][SEVERE]: Timed out receiving message from renderer: 0.100
[1587220223.600][SEVERE]: Timed out receiving message from renderer: 0.100
[1587220223.702][SEVERE]: Timed out receiving message from renderer: 0.100
[1587220223.804][SEVERE]: Timed out receiving message from renderer: 0.100
[1587220223.906][SEVERE]: Timed out receiving message from renderer: 0.100
[1587220224.090][SEVERE]: Timed out receiving message from renderer: 0.100
[1587220224.191][SEVERE]: Timed out receiving message from renderer: 0.100
[1587220224.292][SEVERE]: Timed out receiving message from renderer: 0.100
[1587220224.613][SEVERE]: Timed out receiving message from renderer: 0.100
[1587220224.755][SEVERE]: Timed out receiving message from renderer: 0.100
[1587220224.953][SEVERE]: Timed out receiving message from renderer: 0.100
[1587220225.090][SEVERE]: Timed out receiving message from renderer: 0.100
[1587220225.191][SEVERE]: Timed out receiving message from renderer: 0.100
[1587220225.294][SEVERE]: Timed out receiving message from renderer: 0.100
[1587220225.395][SEVERE]: Timed out receiving message from renderer: 0.100
[1587220225.497][SEVERE]: Timed out receiving message from renderer: 0.100
[1587220225.599][SEVERE]: Timed out receiving message from renderer: 0.100
[1587220225.701][SEVERE]: Timed out receiving message from renderer: 0.100
[1587220225.802][SEVERE]: Timed out receiving message from renderer: 0.100
[1587220225.903][SEVERE]: Timed out receiving message from renderer: 0.100
[1587220227.075][SEVERE]: Timed out receiving message from renderer: 0.100
[1587220227.286][SEVERE]: Timed out receiving message from renderer: 0.100
[1587220227.388][SEVERE]: Timed out receiving message from renderer: 0.100
[1587220227.489][SEVERE]: Timed out receiving message from renderer: 0.100
[1587220227.591][SEVERE]: Timed out receiving message from renderer: 0.100
[1587220227.692][SEVERE]: Timed out receiving message from renderer: 0.100
[1587220227.793][SEVERE]: Timed out receiving message from renderer: 0.100
[1587220227.895][SEVERE]: Timed out receiving message from renderer: 0.100
[1587220227.996][SEVERE]: Timed out receiving message from renderer: 0.100
[1587220228.097][SEVERE]: Timed out receiving message from renderer: 0.100
]]></system-err>
  </testcase>
  <testcase name="feature" classname="cucumberOptions.TestRunner" time="16.974"/>
  <testcase name="feature" classname="cucumberOptions.TestRunner" time="44.33"/>
  <testcase name="feature" classname="cucumberOptions.TestRunner" time="49.54">
    <failure message="org.openqa.selenium.NoSuchElementException: no such element: Unable to locate element: {&quot;method&quot;:&quot;xpath&quot;,&quot;selector&quot;:&quot;//span[text()=&apos;Proceed to checkout&apos;]&quot;}&#10;  (Session info: chrome=80.0.3987.163)&#10;For documentation on this error, please visit: http://seleniumhq.org/exceptions/no_such_element.html&#10;Build info: version: &apos;3.4.0&apos;, revision: &apos;unknown&apos;, time: &apos;unknown&apos;&#10;System info: host: &apos;LAPTOP-RBCFUCTK&apos;, ip: &apos;192.168.0.87&apos;, os.name: &apos;Windows 10&apos;, os.arch: &apos;amd64&apos;, os.version: &apos;10.0&apos;, java.version: &apos;1.8.0_201&apos;&#10;Driver info: org.openqa.selenium.chrome.ChromeDriver&#10;Capabilities [{networkConnectionEnabled=false, chrome={chromedriverVersion=80.0.3987.106 (f68069574609230cf9b635cd784cfb1bf81bb53a-refs/branch-heads/3987@{#882}), userDataDir=C:\Users\Pavan\AppData\Local\Temp\scoped_dir38524_1649708632}, timeouts={implicit=0.0, pageLoad=300000.0, script=30000.0}, pageLoadStrategy=normal, unhandledPromptBehavior=dismiss and notify, strictFileInteractability=false, platform=ANY, proxy=Proxy(), goog:chromeOptions={debuggerAddress=localhost:53353}, acceptInsecureCerts=false, browserVersion=80.0.3987.163, browserName=chrome, javascriptEnabled=true, platformName=windows, setWindowRect=true}]&#10;Session ID: 4881de5ba67827fffc7c25f5024295db&#10;*** Element info: {Using=xpath, value=//span[text()=&apos;Proceed to checkout&apos;]}" type="cucumber.runtime.CucumberException">cucumber.runtime.CucumberException: 
org.openqa.selenium.NoSuchElementException: no such element: Unable to locate element: {"method":"xpath","selector":"//span[text()='Proceed to checkout']"}
  (Session info: chrome=80.0.3987.163)
For documentation on this error, please visit: http://seleniumhq.org/exceptions/no_such_element.html
Build info: version: '3.4.0', revision: 'unknown', time: 'unknown'
System info: host: 'LAPTOP-RBCFUCTK', ip: '192.168.0.87', os.name: 'Windows 10', os.arch: 'amd64', os.version: '10.0', java.version: '1.8.0_201'
Driver info: org.openqa.selenium.chrome.ChromeDriver
Capabilities [{networkConnectionEnabled=false, chrome={chromedriverVersion=80.0.3987.106 (f68069574609230cf9b635cd784cfb1bf81bb53a-refs/branch-heads/3987@{#882}), userDataDir=C:\Users\Pavan\AppData\Local\Temp\scoped_dir38524_1649708632}, timeouts={implicit=0.0, pageLoad=300000.0, script=30000.0}, pageLoadStrategy=normal, unhandledPromptBehavior=dismiss and notify, strictFileInteractability=false, platform=ANY, proxy=Proxy(), goog:chromeOptions={debuggerAddress=localhost:53353}, acceptInsecureCerts=false, browserVersion=80.0.3987.163, browserName=chrome, javascriptEnabled=true, platformName=windows, setWindowRect=true}]
Session ID: 4881de5ba67827fffc7c25f5024295db
*** Element info: {Using=xpath, value=//span[text()='Proceed to checkout']}
Caused by: org.openqa.selenium.NoSuchElementException: 
no such element: Unable to locate element: {"method":"xpath","selector":"//span[text()='Proceed to checkout']"}
  (Session info: chrome=80.0.3987.163)
For documentation on this error, please visit: http://seleniumhq.org/exceptions/no_such_element.html
Build info: version: '3.4.0', revision: 'unknown', time: 'unknown'
System info: host: 'LAPTOP-RBCFUCTK', ip: '192.168.0.87', os.name: 'Windows 10', os.arch: 'amd64', os.version: '10.0', java.version: '1.8.0_201'
Driver info: org.openqa.selenium.chrome.ChromeDriver
Capabilities [{networkConnectionEnabled=false, chrome={chromedriverVersion=80.0.3987.106 (f68069574609230cf9b635cd784cfb1bf81bb53a-refs/branch-heads/3987@{#882}), userDataDir=C:\Users\Pavan\AppData\Local\Temp\scoped_dir38524_1649708632}, timeouts={implicit=0.0, pageLoad=300000.0, script=30000.0}, pageLoadStrategy=normal, unhandledPromptBehavior=dismiss and notify, strictFileInteractability=false, platform=ANY, proxy=Proxy(), goog:chromeOptions={debuggerAddress=localhost:53353}, acceptInsecureCerts=false, browserVersion=80.0.3987.163, browserName=chrome, javascriptEnabled=true, platformName=windows, setWindowRect=true}]
Session ID: 4881de5ba67827fffc7c25f5024295db
*** Element info: {Using=xpath, value=//span[text()='Proceed to checkout']}
</failure>
    <system-out><![CDATA[C:\Users\Pavan\git\MyStoreAutomation\MyStoreAutomation
C:\Users\Pavan\git\MyStoreAutomation\MyStoreAutomation\src\test\resources\drivers\chromedriver.exe
]]></system-out>
    <system-err><![CDATA[Starting ChromeDriver 80.0.3987.106 (f68069574609230cf9b635cd784cfb1bf81bb53a-refs/branch-heads/3987@{#882}) on port 19237
Only local connections are allowed.
Please protect ports used by ChromeDriver and related test frameworks to prevent access by malicious code.
[1587220293.084][WARNING]: Timed out connecting to Chrome, retrying...
Apr 18, 2020 3:31:35 PM org.openqa.selenium.remote.ProtocolHandshake createSession
INFO: Detected dialect: W3C
[1587220295.997][SEVERE]: Timed out receiving message from renderer: 0.100
[1587220296.098][SEVERE]: Timed out receiving message from renderer: 0.100
[1587220296.200][SEVERE]: Timed out receiving message from renderer: 0.100
[1587220296.301][SEVERE]: Timed out receiving message from renderer: 0.100
[1587220296.402][SEVERE]: Timed out receiving message from renderer: 0.100
[1587220296.503][SEVERE]: Timed out receiving message from renderer: 0.100
[1587220296.606][SEVERE]: Timed out receiving message from renderer: 0.100
[1587220296.707][SEVERE]: Timed out receiving message from renderer: 0.100
[1587220296.808][SEVERE]: Timed out receiving message from renderer: 0.100
[1587220296.910][SEVERE]: Timed out receiving message from renderer: 0.100
[1587220297.011][SEVERE]: Timed out receiving message from renderer: 0.100
[1587220297.112][SEVERE]: Timed out receiving message from renderer: 0.100
[1587220297.213][SEVERE]: Timed out receiving message from renderer: 0.100
[1587220297.314][SEVERE]: Timed out receiving message from renderer: 0.100
[1587220297.415][SEVERE]: Timed out receiving message from renderer: 0.100
[1587220297.517][SEVERE]: Timed out receiving message from renderer: 0.100
[1587220297.619][SEVERE]: Timed out receiving message from renderer: 0.100
[1587220297.721][SEVERE]: Timed out receiving message from renderer: 0.100
[1587220297.822][SEVERE]: Timed out receiving message from renderer: 0.100
[1587220297.923][SEVERE]: Timed out receiving message from renderer: 0.100
[1587220298.024][SEVERE]: Timed out receiving message from renderer: 0.100
[1587220298.125][SEVERE]: Timed out receiving message from renderer: 0.100
[1587220298.226][SEVERE]: Timed out receiving message from renderer: 0.100
[1587220298.328][SEVERE]: Timed out receiving message from renderer: 0.100
[1587220298.429][SEVERE]: Timed out receiving message from renderer: 0.100
[1587220298.530][SEVERE]: Timed out receiving message from renderer: 0.100
[1587220298.631][SEVERE]: Timed out receiving message from renderer: 0.100
[1587220298.733][SEVERE]: Timed out receiving message from renderer: 0.100
[1587220298.834][SEVERE]: Timed out receiving message from renderer: 0.100
[1587220298.994][SEVERE]: Timed out receiving message from renderer: 0.100
[1587220299.095][SEVERE]: Timed out receiving message from renderer: 0.100
[1587220299.197][SEVERE]: Timed out receiving message from renderer: 0.100
[1587220299.298][SEVERE]: Timed out receiving message from renderer: 0.100
[1587220299.400][SEVERE]: Timed out receiving message from renderer: 0.100
[1587220299.501][SEVERE]: Timed out receiving message from renderer: 0.100
[1587220299.603][SEVERE]: Timed out receiving message from renderer: 0.100
[1587220299.704][SEVERE]: Timed out receiving message from renderer: 0.100
[1587220300.318][SEVERE]: Timed out receiving message from renderer: 0.100
[1587220300.419][SEVERE]: Timed out receiving message from renderer: 0.100
[1587220300.521][SEVERE]: Timed out receiving message from renderer: 0.100
[1587220300.622][SEVERE]: Timed out receiving message from renderer: 0.100
[1587220300.781][SEVERE]: Timed out receiving message from renderer: 0.100
[1587220300.883][SEVERE]: Timed out receiving message from renderer: 0.100
[1587220300.984][SEVERE]: Timed out receiving message from renderer: 0.100
[1587220301.087][SEVERE]: Timed out receiving message from renderer: 0.100
[1587220301.188][SEVERE]: Timed out receiving message from renderer: 0.100
[1587220301.290][SEVERE]: Timed out receiving message from renderer: 0.100
[1587220301.391][SEVERE]: Timed out receiving message from renderer: 0.100
[1587220301.493][SEVERE]: Timed out receiving message from renderer: 0.100
[1587220301.595][SEVERE]: Timed out receiving message from renderer: 0.100
[1587220308.879][SEVERE]: Timed out receiving message from renderer: 0.100
[1587220308.988][SEVERE]: Timed out receiving message from renderer: 0.100
[1587220309.090][SEVERE]: Timed out receiving message from renderer: 0.100
[1587220309.230][SEVERE]: Timed out receiving message from renderer: 0.100
[1587220309.332][SEVERE]: Timed out receiving message from renderer: 0.100
[1587220309.433][SEVERE]: Timed out receiving message from renderer: 0.100
[1587220309.597][SEVERE]: Timed out receiving message from renderer: 0.100
[1587220310.936][SEVERE]: Timed out receiving message from renderer: 0.100
[1587220311.037][SEVERE]: Timed out receiving message from renderer: 0.100
[1587220311.144][SEVERE]: Timed out receiving message from renderer: 0.100
[1587220311.246][SEVERE]: Timed out receiving message from renderer: 0.100
[1587220311.514][SEVERE]: Timed out receiving message from renderer: 0.100
[1587220316.255][SEVERE]: Timed out receiving message from renderer: 0.100
[1587220316.404][SEVERE]: Timed out receiving message from renderer: 0.100
[1587220316.505][SEVERE]: Timed out receiving message from renderer: 0.100
[1587220316.606][SEVERE]: Timed out receiving message from renderer: 0.100
[1587220316.708][SEVERE]: Timed out receiving message from renderer: 0.100
[1587220316.810][SEVERE]: Timed out receiving message from renderer: 0.100
[1587220316.911][SEVERE]: Timed out receiving message from renderer: 0.100
[1587220317.013][SEVERE]: Timed out receiving message from renderer: 0.100
[1587220317.191][SEVERE]: Timed out receiving message from renderer: 0.100
[1587220319.975][SEVERE]: Timed out receiving message from renderer: 0.100
[1587220320.077][SEVERE]: Timed out receiving message from renderer: 0.100
[1587220320.178][SEVERE]: Timed out receiving message from renderer: 0.100
[1587220320.279][SEVERE]: Timed out receiving message from renderer: 0.100
[1587220320.381][SEVERE]: Timed out receiving message from renderer: 0.100
[1587220320.484][SEVERE]: Timed out receiving message from renderer: 0.100
[1587220320.586][SEVERE]: Timed out receiving message from renderer: 0.100
[1587220320.688][SEVERE]: Timed out receiving message from renderer: 0.100
[1587220320.789][SEVERE]: Timed out receiving message from renderer: 0.100
[1587220320.891][SEVERE]: Timed out receiving message from renderer: 0.100
[1587220320.992][SEVERE]: Timed out receiving message from renderer: 0.100
[1587220321.094][SEVERE]: Timed out receiving message from renderer: 0.100
[1587220321.196][SEVERE]: Timed out receiving message from renderer: 0.100
[1587220321.297][SEVERE]: Timed out receiving message from renderer: 0.100
[1587220321.400][SEVERE]: Timed out receiving message from renderer: 0.100
[1587220321.501][SEVERE]: Timed out receiving message from renderer: 0.100
[1587220325.359][SEVERE]: Timed out receiving message from renderer: 0.100
[1587220325.467][SEVERE]: Timed out receiving message from renderer: 0.100
[1587220325.662][SEVERE]: Timed out receiving message from renderer: 0.100
[1587220329.438][SEVERE]: Timed out receiving message from renderer: 0.100
[1587220329.615][SEVERE]: Timed out receiving message from renderer: 0.100
[1587220329.780][SEVERE]: Timed out receiving message from renderer: 0.100
[1587220329.884][SEVERE]: Timed out receiving message from renderer: 0.100
[1587220329.985][SEVERE]: Timed out receiving message from renderer: 0.100
[1587220330.087][SEVERE]: Timed out receiving message from renderer: 0.100
[1587220330.188][SEVERE]: Timed out receiving message from renderer: 0.100
[1587220330.291][SEVERE]: Timed out receiving message from renderer: 0.100
[1587220330.392][SEVERE]: Timed out receiving message from renderer: 0.100
[1587220330.493][SEVERE]: Timed out receiving message from renderer: 0.100
[1587220330.594][SEVERE]: Timed out receiving message from renderer: 0.100
[1587220330.696][SEVERE]: Timed out receiving message from renderer: 0.100
[1587220330.797][SEVERE]: Timed out receiving message from renderer: 0.100
[1587220330.899][SEVERE]: Timed out receiving message from renderer: 0.100
[1587220331.000][SEVERE]: Timed out receiving message from renderer: 0.100
[1587220331.102][SEVERE]: Timed out receiving message from renderer: 0.100
[1587220331.209][SEVERE]: Timed out receiving message from renderer: 0.100
[1587220331.310][SEVERE]: Timed out receiving message from renderer: 0.100
[1587220333.670][SEVERE]: Timed out receiving message from renderer: 0.100
[1587220333.771][SEVERE]: Timed out receiving message from renderer: 0.100
[1587220333.873][SEVERE]: Timed out receiving message from renderer: 0.100
]]></system-err>
  </testcase>
</testsuite>