<?xml version="1.0" encoding="UTF-8"?>
<testng-results skipped="0" failed="0" total="5" passed="5">
  <reporter-output>
  </reporter-output>
  <suite name="Suite" duration-ms="204988" started-at="2020-04-19T18:58:40Z" finished-at="2020-04-19T19:02:05Z">
    <groups>
      <group name="cucumber">
        <method signature="AbstractTestNGCucumberTests.feature(cucumber.api.testng.CucumberFeatureWrapper)[pri:0, instance:cucumberOptions.TestRunner@5a61f5df]" name="feature" class="cucumber.api.testng.AbstractTestNGCucumberTests"/>
      </group> <!-- cucumber -->
    </groups>
    <test name="My Srore Automation" duration-ms="204988" started-at="2020-04-19T18:58:40Z" finished-at="2020-04-19T19:02:05Z">
      <class name="cucumberOptions.TestRunner">
        <test-method status="PASS" signature="setUpClass()[pri:0, instance:cucumberOptions.TestRunner@5a61f5df]" name="setUpClass" is-config="true" duration-ms="222" started-at="2020-04-19T19:58:40Z" finished-at="2020-04-19T19:58:40Z">
          <reporter-output>
          </reporter-output>
        </test-method> <!-- setUpClass -->
        <test-method status="PASS" signature="feature(cucumber.api.testng.CucumberFeatureWrapper)[pri:0, instance:cucumberOptions.TestRunner@5a61f5df]" name="feature" duration-ms="18100" started-at="2020-04-19T19:58:40Z" description="Runs Cucumber Feature" data-provider="features" finished-at="2020-04-19T19:58:58Z">
          <params>
            <param index="0">
              <value>
                <![CDATA[Create New Account]]>
              </value>
            </param>
          </params>
          <reporter-output>
          </reporter-output>
        </test-method> <!-- feature -->
        <test-method status="PASS" signature="feature(cucumber.api.testng.CucumberFeatureWrapper)[pri:0, instance:cucumberOptions.TestRunner@5a61f5df]" name="feature" duration-ms="37335" started-at="2020-04-19T19:58:58Z" description="Runs Cucumber Feature" data-provider="features" finished-at="2020-04-19T19:59:36Z">
          <params>
            <param index="0">
              <value>
                <![CDATA[Search Products]]>
              </value>
            </param>
          </params>
          <reporter-output>
          </reporter-output>
        </test-method> <!-- feature -->
        <test-method status="PASS" signature="feature(cucumber.api.testng.CucumberFeatureWrapper)[pri:0, instance:cucumberOptions.TestRunner@5a61f5df]" name="feature" duration-ms="25453" started-at="2020-04-19T19:59:36Z" description="Runs Cucumber Feature" data-provider="features" finished-at="2020-04-19T20:00:01Z">
          <params>
            <param index="0">
              <value>
                <![CDATA[Application Login]]>
              </value>
            </param>
          </params>
          <reporter-output>
          </reporter-output>
        </test-method> <!-- feature -->
        <test-method status="PASS" signature="feature(cucumber.api.testng.CucumberFeatureWrapper)[pri:0, instance:cucumberOptions.TestRunner@5a61f5df]" name="feature" duration-ms="70829" started-at="2020-04-19T20:00:01Z" description="Runs Cucumber Feature" data-provider="features" finished-at="2020-04-19T20:01:12Z">
          <params>
            <param index="0">
              <value>
                <![CDATA[Add products to cart and check out for an existing user]]>
              </value>
            </param>
          </params>
          <reporter-output>
          </reporter-output>
        </test-method> <!-- feature -->
        <test-method status="PASS" signature="feature(cucumber.api.testng.CucumberFeatureWrapper)[pri:0, instance:cucumberOptions.TestRunner@5a61f5df]" name="feature" duration-ms="52959" started-at="2020-04-19T20:01:12Z" description="Runs Cucumber Feature" data-provider="features" finished-at="2020-04-19T20:02:05Z">
          <params>
            <param index="0">
              <value>
                <![CDATA[Add products to cart and check out for a new user]]>
              </value>
            </param>
          </params>
          <reporter-output>
          </reporter-output>
        </test-method> <!-- feature -->
        <test-method status="PASS" signature="tearDownClass()[pri:0, instance:cucumberOptions.TestRunner@5a61f5df]" name="tearDownClass" is-config="true" duration-ms="2" started-at="2020-04-19T20:02:05Z" finished-at="2020-04-19T20:02:05Z">
          <reporter-output>
          </reporter-output>
        </test-method> <!-- tearDownClass -->
      </class> <!-- cucumberOptions.TestRunner -->
    </test> <!-- My Srore Automation -->
  </suite> <!-- Suite -->
</testng-results>
