<?xml version="1.0" encoding="UTF-8"?>
<testng-results skipped="0" failed="0" total="1" passed="1">
  <reporter-output>
  </reporter-output>
  <suite name="Suite" duration-ms="45505" started-at="2020-04-12T21:04:28Z" finished-at="2020-04-12T21:05:13Z">
    <groups>
      <group name="cucumber">
        <method signature="AbstractTestNGCucumberTests.feature(cucumber.api.testng.CucumberFeatureWrapper)[pri:0, instance:cucumberOptions.TestRunner@13deb50e]" name="feature" class="cucumber.api.testng.AbstractTestNGCucumberTests"/>
      </group> <!-- cucumber -->
    </groups>
    <test name="Validating User login" duration-ms="45505" started-at="2020-04-12T21:04:28Z" finished-at="2020-04-12T21:05:13Z">
      <class name="cucumberOptions.TestRunner">
        <test-method status="PASS" signature="setUpClass()[pri:0, instance:cucumberOptions.TestRunner@13deb50e]" name="setUpClass" is-config="true" duration-ms="186" started-at="2020-04-12T22:04:28Z" finished-at="2020-04-12T22:04:28Z">
          <reporter-output>
          </reporter-output>
        </test-method> <!-- setUpClass -->
        <test-method status="PASS" signature="feature(cucumber.api.testng.CucumberFeatureWrapper)[pri:0, instance:cucumberOptions.TestRunner@13deb50e]" name="feature" duration-ms="45248" started-at="2020-04-12T22:04:28Z" description="Runs Cucumber Feature" data-provider="features" finished-at="2020-04-12T22:05:13Z">
          <params>
            <param index="0">
              <value>
                <![CDATA[Application Login]]>
              </value>
            </param>
          </params>
          <reporter-output>
          </reporter-output>
        </test-method> <!-- feature -->
        <test-method status="PASS" signature="tearDownClass()[pri:0, instance:cucumberOptions.TestRunner@13deb50e]" name="tearDownClass" is-config="true" duration-ms="2" started-at="2020-04-12T22:05:13Z" finished-at="2020-04-12T22:05:13Z">
          <reporter-output>
          </reporter-output>
        </test-method> <!-- tearDownClass -->
      </class> <!-- cucumberOptions.TestRunner -->
    </test> <!-- Validating User login -->
  </suite> <!-- Suite -->
</testng-results>
